{"/Users/sam/Documents/01-Programs/app_crm_re/utils/getLocate.js":{"path":"/Users/sam/Documents/01-Programs/app_crm_re/utils/getLocate.js","s":{"1":1,"2":1,"3":1,"4":1,"5":1,"6":9,"7":9,"8":9,"9":9,"10":1,"11":8,"12":8,"13":3,"14":5,"15":10,"16":10,"17":3,"18":7,"19":7,"20":8,"21":8,"22":4,"23":4,"24":4,"25":7,"26":4,"27":4,"28":2,"29":4,"30":1,"31":4,"32":1},"b":{"1":[1,8],"2":[3,5],"3":[3,7],"4":[4,4],"5":[2,2],"6":[1,3]},"f":{"1":1,"2":9,"3":10,"4":4},"fnMap":{"1":{"name":"(anonymous_1)","line":11,"loc":{"start":{"line":11,"column":16},"end":{"line":11,"column":26}}},"2":{"name":"(anonymous_2)","line":14,"loc":{"start":{"line":14,"column":27},"end":{"line":14,"column":41}}},"3":{"name":"(anonymous_3)","line":30,"loc":{"start":{"line":30,"column":29},"end":{"line":30,"column":54}}},"4":{"name":"(anonymous_4)","line":52,"loc":{"start":{"line":52,"column":19},"end":{"line":52,"column":50}}}},"statementMap":{"1":{"start":{"line":8,"column":0},"end":{"line":8,"column":34}},"2":{"start":{"line":9,"column":0},"end":{"line":9,"column":37}},"3":{"start":{"line":11,"column":0},"end":{"line":63,"column":2}},"4":{"start":{"line":12,"column":4},"end":{"line":12,"column":15}},"5":{"start":{"line":13,"column":4},"end":{"line":63,"column":0}},"6":{"start":{"line":15,"column":12},"end":{"line":15,"column":56}},"7":{"start":{"line":16,"column":12},"end":{"line":16,"column":36}},"8":{"start":{"line":18,"column":12},"end":{"line":18,"column":43}},"9":{"start":{"line":19,"column":12},"end":{"line":21,"column":13}},"10":{"start":{"line":20,"column":16},"end":{"line":20,"column":26}},"11":{"start":{"line":23,"column":12},"end":{"line":23,"column":50}},"12":{"start":{"line":24,"column":12},"end":{"line":26,"column":13}},"13":{"start":{"line":25,"column":16},"end":{"line":25,"column":26}},"14":{"start":{"line":28,"column":12},"end":{"line":28,"column":28}},"15":{"start":{"line":31,"column":12},"end":{"line":34,"column":28}},"16":{"start":{"line":36,"column":12},"end":{"line":38,"column":13}},"17":{"start":{"line":37,"column":16},"end":{"line":37,"column":26}},"18":{"start":{"line":40,"column":12},"end":{"line":40,"column":54}},"19":{"start":{"line":42,"column":12},"end":{"line":49,"column":13}},"20":{"start":{"line":43,"column":16},"end":{"line":43,"column":63}},"21":{"start":{"line":44,"column":16},"end":{"line":46,"column":17}},"22":{"start":{"line":45,"column":20},"end":{"line":45,"column":29}},"23":{"start":{"line":47,"column":16},"end":{"line":47,"column":40}},"24":{"start":{"line":48,"column":16},"end":{"line":48,"column":22}},"25":{"start":{"line":50,"column":12},"end":{"line":50,"column":29}},"26":{"start":{"line":53,"column":12},"end":{"line":53,"column":50}},"27":{"start":{"line":54,"column":12},"end":{"line":56,"column":13}},"28":{"start":{"line":55,"column":16},"end":{"line":55,"column":67}},"29":{"start":{"line":57,"column":12},"end":{"line":59,"column":13}},"30":{"start":{"line":58,"column":16},"end":{"line":58,"column":45}},"31":{"start":{"line":60,"column":12},"end":{"line":60,"column":26}},"32":{"start":{"line":65,"column":0},"end":{"line":65,"column":27}}},"branchMap":{"1":{"line":19,"type":"if","locations":[{"start":{"line":19,"column":12},"end":{"line":19,"column":12}},{"start":{"line":19,"column":12},"end":{"line":19,"column":12}}]},"2":{"line":24,"type":"if","locations":[{"start":{"line":24,"column":12},"end":{"line":24,"column":12}},{"start":{"line":24,"column":12},"end":{"line":24,"column":12}}]},"3":{"line":36,"type":"if","locations":[{"start":{"line":36,"column":12},"end":{"line":36,"column":12}},{"start":{"line":36,"column":12},"end":{"line":36,"column":12}}]},"4":{"line":44,"type":"if","locations":[{"start":{"line":44,"column":16},"end":{"line":44,"column":16}},{"start":{"line":44,"column":16},"end":{"line":44,"column":16}}]},"5":{"line":54,"type":"if","locations":[{"start":{"line":54,"column":12},"end":{"line":54,"column":12}},{"start":{"line":54,"column":12},"end":{"line":54,"column":12}}]},"6":{"line":57,"type":"if","locations":[{"start":{"line":57,"column":12},"end":{"line":57,"column":12}},{"start":{"line":57,"column":12},"end":{"line":57,"column":12}}]}}},"/Users/sam/Documents/01-Programs/app_crm_re/config/index.js":{"path":"/Users/sam/Documents/01-Programs/app_crm_re/config/index.js","s":{"1":1,"2":1,"3":1,"4":1,"5":1,"6":1,"7":1,"8":1},"b":{},"f":{},"fnMap":{},"statementMap":{"1":{"start":{"line":13,"column":0},"end":{"line":13,"column":27}},"2":{"start":{"line":14,"column":0},"end":{"line":14,"column":31}},"3":{"start":{"line":15,"column":0},"end":{"line":15,"column":30}},"4":{"start":{"line":16,"column":0},"end":{"line":16,"column":23}},"5":{"start":{"line":18,"column":0},"end":{"line":18,"column":37}},"6":{"start":{"line":20,"column":0},"end":{"line":20,"column":17}},"7":{"start":{"line":22,"column":0},"end":{"line":63,"column":2}},"8":{"start":{"line":65,"column":0},"end":{"line":65,"column":24}}},"branchMap":{}}}