{"/Users/sam/Documents/01-Programs/app_crm_re/app.js":{"path":"/Users/sam/Documents/01-Programs/app_crm_re/app.js","s":{"1":1,"2":1,"3":1,"4":1,"5":1,"6":1,"7":1,"8":1,"9":1,"10":1,"11":1,"12":1,"13":1,"14":1,"15":1,"16":1,"17":1,"18":1,"19":1,"20":1,"21":1,"22":1,"23":1,"24":1,"25":1,"26":1,"27":1,"28":1,"29":1,"30":1,"31":1,"32":1,"33":0,"34":0,"35":0,"36":1,"37":0,"38":0,"39":1},"b":{"1":[0,0],"2":[0,1]},"f":{"1":1,"2":0},"fnMap":{"1":{"name":"(anonymous_1)","line":37,"loc":{"start":{"line":37,"column":8},"end":{"line":37,"column":32}}},"2":{"name":"(anonymous_2)","line":86,"loc":{"start":{"line":86,"column":15},"end":{"line":86,"column":33}}}},"statementMap":{"1":{"start":{"line":17,"column":0},"end":{"line":17,"column":27}},"2":{"start":{"line":18,"column":0},"end":{"line":18,"column":27}},"3":{"start":{"line":20,"column":0},"end":{"line":20,"column":33}},"4":{"start":{"line":21,"column":0},"end":{"line":21,"column":40}},"5":{"start":{"line":22,"column":0},"end":{"line":22,"column":41}},"6":{"start":{"line":23,"column":0},"end":{"line":23,"column":51}},"7":{"start":{"line":25,"column":0},"end":{"line":25,"column":44}},"8":{"start":{"line":26,"column":0},"end":{"line":26,"column":39}},"9":{"start":{"line":27,"column":0},"end":{"line":27,"column":32}},"10":{"start":{"line":28,"column":0},"end":{"line":28,"column":33}},"11":{"start":{"line":29,"column":0},"end":{"line":29,"column":44}},"12":{"start":{"line":31,"column":0},"end":{"line":31,"column":20}},"13":{"start":{"line":34,"column":0},"end":{"line":34,"column":36}},"14":{"start":{"line":37,"column":0},"end":{"line":44,"column":3}},"15":{"start":{"line":38,"column":1},"end":{"line":41,"column":27}},"16":{"start":{"line":42,"column":1},"end":{"line":42,"column":21}},"17":{"start":{"line":43,"column":1},"end":{"line":43,"column":8}},"18":{"start":{"line":47,"column":0},"end":{"line":47,"column":74}},"19":{"start":{"line":50,"column":0},"end":{"line":50,"column":38}},"20":{"start":{"line":51,"column":0},"end":{"line":51,"column":27}},"21":{"start":{"line":52,"column":0},"end":{"line":54,"column":4}},"22":{"start":{"line":57,"column":0},"end":{"line":57,"column":57}},"23":{"start":{"line":58,"column":0},"end":{"line":67,"column":4}},"24":{"start":{"line":70,"column":0},"end":{"line":70,"column":31}},"25":{"start":{"line":71,"column":0},"end":{"line":71,"column":28}},"26":{"start":{"line":74,"column":0},"end":{"line":74,"column":54}},"27":{"start":{"line":75,"column":0},"end":{"line":75,"column":31}},"28":{"start":{"line":76,"column":0},"end":{"line":76,"column":37}},"29":{"start":{"line":77,"column":0},"end":{"line":77,"column":40}},"30":{"start":{"line":80,"column":0},"end":{"line":80,"column":34}},"31":{"start":{"line":83,"column":0},"end":{"line":83,"column":12}},"32":{"start":{"line":86,"column":0},"end":{"line":90,"column":3}},"33":{"start":{"line":87,"column":1},"end":{"line":87,"column":38}},"34":{"start":{"line":88,"column":1},"end":{"line":88,"column":19}},"35":{"start":{"line":89,"column":1},"end":{"line":89,"column":24}},"36":{"start":{"line":93,"column":0},"end":{"line":98,"column":1}},"37":{"start":{"line":94,"column":1},"end":{"line":94,"column":38}},"38":{"start":{"line":95,"column":1},"end":{"line":97,"column":55}},"39":{"start":{"line":100,"column":0},"end":{"line":100,"column":21}}},"branchMap":{"1":{"line":87,"type":"binary-expr","locations":[{"start":{"line":87,"column":11},"end":{"line":87,"column":18}},{"start":{"line":87,"column":22},"end":{"line":87,"column":37}}]},"2":{"line":93,"type":"if","locations":[{"start":{"line":93,"column":0},"end":{"line":93,"column":0}},{"start":{"line":93,"column":0},"end":{"line":93,"column":0}}]}}},"/Users/sam/Documents/01-Programs/app_crm_re/utils/logger.js":{"path":"/Users/sam/Documents/01-Programs/app_crm_re/utils/logger.js","s":{"1":1,"2":1,"3":1,"4":1,"5":1,"6":0,"7":1,"8":1},"b":{"1":[0,1]},"f":{},"fnMap":{},"statementMap":{"1":{"start":{"line":17,"column":0},"end":{"line":17,"column":31}},"2":{"start":{"line":18,"column":0},"end":{"line":18,"column":34}},"3":{"start":{"line":19,"column":0},"end":{"line":19,"column":25}},"4":{"start":{"line":21,"column":0},"end":{"line":21,"column":11}},"5":{"start":{"line":23,"column":0},"end":{"line":27,"column":1}},"6":{"start":{"line":24,"column":1},"end":{"line":24,"column":48}},"7":{"start":{"line":26,"column":1},"end":{"line":26,"column":32}},"8":{"start":{"line":29,"column":0},"end":{"line":29,"column":24}}},"branchMap":{"1":{"line":23,"type":"if","locations":[{"start":{"line":23,"column":0},"end":{"line":23,"column":0}},{"start":{"line":23,"column":0},"end":{"line":23,"column":0}}]}}},"/Users/sam/Documents/01-Programs/app_crm_re/config/index.js":{"path":"/Users/sam/Documents/01-Programs/app_crm_re/config/index.js","s":{"1":1,"2":1,"3":1,"4":1,"5":1,"6":1,"7":1,"8":1},"b":{},"f":{},"fnMap":{},"statementMap":{"1":{"start":{"line":13,"column":0},"end":{"line":13,"column":27}},"2":{"start":{"line":14,"column":0},"end":{"line":14,"column":31}},"3":{"start":{"line":15,"column":0},"end":{"line":15,"column":30}},"4":{"start":{"line":16,"column":0},"end":{"line":16,"column":23}},"5":{"start":{"line":18,"column":0},"end":{"line":18,"column":37}},"6":{"start":{"line":20,"column":0},"end":{"line":20,"column":17}},"7":{"start":{"line":22,"column":0},"end":{"line":73,"column":2}},"8":{"start":{"line":75,"column":0},"end":{"line":75,"column":24}}},"branchMap":{}},"/Users/sam/Documents/01-Programs/app_crm_re/route/index.js":{"path":"/Users/sam/Documents/01-Programs/app_crm_re/route/index.js","s":{"1":1,"2":1,"3":1,"4":1,"5":1,"6":1,"7":1,"8":1,"9":1,"10":1,"11":1,"12":1,"13":1},"b":{},"f":{"1":1,"2":1},"fnMap":{"1":{"name":"(anonymous_1)","line":18,"loc":{"start":{"line":18,"column":17},"end":{"line":18,"column":30}}},"2":{"name":"(anonymous_2)","line":24,"loc":{"start":{"line":24,"column":9},"end":{"line":24,"column":33}}}},"statementMap":{"1":{"start":{"line":11,"column":0},"end":{"line":11,"column":26}},"2":{"start":{"line":13,"column":0},"end":{"line":13,"column":40}},"3":{"start":{"line":14,"column":0},"end":{"line":14,"column":54}},"4":{"start":{"line":15,"column":0},"end":{"line":15,"column":37}},"5":{"start":{"line":16,"column":0},"end":{"line":16,"column":39}},"6":{"start":{"line":18,"column":0},"end":{"line":33,"column":2}},"7":{"start":{"line":20,"column":1},"end":{"line":20,"column":12}},"8":{"start":{"line":22,"column":1},"end":{"line":22,"column":40}},"9":{"start":{"line":23,"column":1},"end":{"line":23,"column":42}},"10":{"start":{"line":24,"column":1},"end":{"line":32,"column":4}},"11":{"start":{"line":25,"column":2},"end":{"line":25,"column":71}},"12":{"start":{"line":26,"column":2},"end":{"line":26,"column":29}},"13":{"start":{"line":29,"column":2},"end":{"line":32,"column":1}}},"branchMap":{}},"/Users/sam/Documents/01-Programs/app_crm_re/utils/getLocate.js":{"path":"/Users/sam/Documents/01-Programs/app_crm_re/utils/getLocate.js","s":{"1":1,"2":1,"3":1,"4":2,"5":2,"6":10,"7":10,"8":10,"9":10,"10":2,"11":8,"12":8,"13":3,"14":5,"15":11,"16":11,"17":3,"18":8,"19":8,"20":9,"21":9,"22":5,"23":4,"24":4,"25":8,"26":5,"27":5,"28":3,"29":5,"30":2,"31":5,"32":1},"b":{"1":[2,8],"2":[3,5],"3":[3,8],"4":[5,4],"5":[3,2],"6":[2,3]},"f":{"1":2,"2":10,"3":11,"4":5},"fnMap":{"1":{"name":"(anonymous_1)","line":11,"loc":{"start":{"line":11,"column":16},"end":{"line":11,"column":26}}},"2":{"name":"(anonymous_2)","line":14,"loc":{"start":{"line":14,"column":27},"end":{"line":14,"column":41}}},"3":{"name":"(anonymous_3)","line":30,"loc":{"start":{"line":30,"column":29},"end":{"line":30,"column":54}}},"4":{"name":"(anonymous_4)","line":52,"loc":{"start":{"line":52,"column":19},"end":{"line":52,"column":50}}}},"statementMap":{"1":{"start":{"line":8,"column":0},"end":{"line":8,"column":34}},"2":{"start":{"line":9,"column":0},"end":{"line":9,"column":37}},"3":{"start":{"line":11,"column":0},"end":{"line":63,"column":2}},"4":{"start":{"line":12,"column":4},"end":{"line":12,"column":15}},"5":{"start":{"line":13,"column":4},"end":{"line":63,"column":0}},"6":{"start":{"line":15,"column":12},"end":{"line":15,"column":56}},"7":{"start":{"line":16,"column":12},"end":{"line":16,"column":36}},"8":{"start":{"line":18,"column":12},"end":{"line":18,"column":43}},"9":{"start":{"line":19,"column":12},"end":{"line":21,"column":13}},"10":{"start":{"line":20,"column":16},"end":{"line":20,"column":26}},"11":{"start":{"line":23,"column":12},"end":{"line":23,"column":50}},"12":{"start":{"line":24,"column":12},"end":{"line":26,"column":13}},"13":{"start":{"line":25,"column":16},"end":{"line":25,"column":26}},"14":{"start":{"line":28,"column":12},"end":{"line":28,"column":28}},"15":{"start":{"line":31,"column":12},"end":{"line":34,"column":28}},"16":{"start":{"line":36,"column":12},"end":{"line":38,"column":13}},"17":{"start":{"line":37,"column":16},"end":{"line":37,"column":26}},"18":{"start":{"line":40,"column":12},"end":{"line":40,"column":54}},"19":{"start":{"line":42,"column":12},"end":{"line":49,"column":13}},"20":{"start":{"line":43,"column":16},"end":{"line":43,"column":63}},"21":{"start":{"line":44,"column":16},"end":{"line":46,"column":17}},"22":{"start":{"line":45,"column":20},"end":{"line":45,"column":29}},"23":{"start":{"line":47,"column":16},"end":{"line":47,"column":40}},"24":{"start":{"line":48,"column":16},"end":{"line":48,"column":22}},"25":{"start":{"line":50,"column":12},"end":{"line":50,"column":29}},"26":{"start":{"line":53,"column":12},"end":{"line":53,"column":50}},"27":{"start":{"line":54,"column":12},"end":{"line":56,"column":13}},"28":{"start":{"line":55,"column":16},"end":{"line":55,"column":67}},"29":{"start":{"line":57,"column":12},"end":{"line":59,"column":13}},"30":{"start":{"line":58,"column":16},"end":{"line":58,"column":45}},"31":{"start":{"line":60,"column":12},"end":{"line":60,"column":26}},"32":{"start":{"line":65,"column":0},"end":{"line":65,"column":27}}},"branchMap":{"1":{"line":19,"type":"if","locations":[{"start":{"line":19,"column":12},"end":{"line":19,"column":12}},{"start":{"line":19,"column":12},"end":{"line":19,"column":12}}]},"2":{"line":24,"type":"if","locations":[{"start":{"line":24,"column":12},"end":{"line":24,"column":12}},{"start":{"line":24,"column":12},"end":{"line":24,"column":12}}]},"3":{"line":36,"type":"if","locations":[{"start":{"line":36,"column":12},"end":{"line":36,"column":12}},{"start":{"line":36,"column":12},"end":{"line":36,"column":12}}]},"4":{"line":44,"type":"if","locations":[{"start":{"line":44,"column":16},"end":{"line":44,"column":16}},{"start":{"line":44,"column":16},"end":{"line":44,"column":16}}]},"5":{"line":54,"type":"if","locations":[{"start":{"line":54,"column":12},"end":{"line":54,"column":12}},{"start":{"line":54,"column":12},"end":{"line":54,"column":12}}]},"6":{"line":57,"type":"if","locations":[{"start":{"line":57,"column":12},"end":{"line":57,"column":12}},{"start":{"line":57,"column":12},"end":{"line":57,"column":12}}]}}},"/Users/sam/Documents/01-Programs/app_crm_re/route/apiRoute.js":{"path":"/Users/sam/Documents/01-Programs/app_crm_re/route/apiRoute.js","s":{"1":1,"2":1,"3":1},"b":{},"f":{},"fnMap":{},"statementMap":{"1":{"start":{"line":6,"column":0},"end":{"line":10,"column":0}},"2":{"start":{"line":10,"column":0},"end":{"line":10,"column":33}},"3":{"start":{"line":12,"column":0},"end":{"line":12,"column":27}}},"branchMap":{}},"/Users/sam/Documents/01-Programs/app_crm_re/route/authRoute.js":{"path":"/Users/sam/Documents/01-Programs/app_crm_re/route/authRoute.js","s":{"1":1,"2":1,"3":1},"b":{},"f":{},"fnMap":{},"statementMap":{"1":{"start":{"line":6,"column":0},"end":{"line":6,"column":33}},"2":{"start":{"line":8,"column":0},"end":{"line":8,"column":33}},"3":{"start":{"line":10,"column":0},"end":{"line":10,"column":27}}},"branchMap":{}},"/Users/sam/Documents/01-Programs/app_crm_re/middleware/auth.js":{"path":"/Users/sam/Documents/01-Programs/app_crm_re/middleware/auth.js","s":{"1":1,"2":1,"3":1,"4":1,"5":0,"6":0,"7":0,"8":0,"9":0,"10":0,"11":0,"12":0,"13":0,"14":0,"15":1,"16":0,"17":1,"18":0,"19":0,"20":0,"21":0,"22":0,"23":1},"b":{"1":[0,0],"2":[0,0],"3":[0,0],"4":[0,0],"5":[0,0]},"f":{"1":0,"2":0,"3":0,"4":0,"5":0},"fnMap":{"1":{"name":"(anonymous_1)","line":11,"loc":{"start":{"line":11,"column":31},"end":{"line":11,"column":66}}},"2":{"name":"(anonymous_2)","line":17,"loc":{"start":{"line":17,"column":43},"end":{"line":17,"column":62}}},"3":{"name":"(anonymous_3)","line":35,"loc":{"start":{"line":35,"column":23},"end":{"line":35,"column":43}}},"4":{"name":"(anonymous_4)","line":39,"loc":{"start":{"line":39,"column":25},"end":{"line":39,"column":47}}},"5":{"name":"(anonymous_5)","line":40,"loc":{"start":{"line":40,"column":33},"end":{"line":40,"column":52}}}},"statementMap":{"1":{"start":{"line":7,"column":0},"end":{"line":7,"column":35}},"2":{"start":{"line":8,"column":0},"end":{"line":8,"column":55}},"3":{"start":{"line":9,"column":0},"end":{"line":9,"column":48}},"4":{"start":{"line":11,"column":0},"end":{"line":33,"column":3}},"5":{"start":{"line":13,"column":8},"end":{"line":15,"column":9}},"6":{"start":{"line":14,"column":12},"end":{"line":14,"column":72}},"7":{"start":{"line":17,"column":8},"end":{"line":31,"column":11}},"8":{"start":{"line":18,"column":12},"end":{"line":20,"column":13}},"9":{"start":{"line":19,"column":16},"end":{"line":19,"column":39}},"10":{"start":{"line":22,"column":12},"end":{"line":24,"column":13}},"11":{"start":{"line":23,"column":16},"end":{"line":23,"column":75}},"12":{"start":{"line":26,"column":12},"end":{"line":28,"column":13}},"13":{"start":{"line":27,"column":16},"end":{"line":27,"column":78}},"14":{"start":{"line":30,"column":12},"end":{"line":30,"column":36}},"15":{"start":{"line":35,"column":0},"end":{"line":37,"column":3}},"16":{"start":{"line":36,"column":3},"end":{"line":36,"column":24}},"17":{"start":{"line":39,"column":0},"end":{"line":47,"column":3}},"18":{"start":{"line":40,"column":4},"end":{"line":46,"column":7}},"19":{"start":{"line":41,"column":8},"end":{"line":43,"column":9}},"20":{"start":{"line":42,"column":12},"end":{"line":42,"column":35}},"21":{"start":{"line":44,"column":8},"end":{"line":44,"column":28}},"22":{"start":{"line":45,"column":8},"end":{"line":45,"column":25}},"23":{"start":{"line":49,"column":0},"end":{"line":49,"column":26}}},"branchMap":{"1":{"line":13,"type":"if","locations":[{"start":{"line":13,"column":8},"end":{"line":13,"column":8}},{"start":{"line":13,"column":8},"end":{"line":13,"column":8}}]},"2":{"line":18,"type":"if","locations":[{"start":{"line":18,"column":12},"end":{"line":18,"column":12}},{"start":{"line":18,"column":12},"end":{"line":18,"column":12}}]},"3":{"line":22,"type":"if","locations":[{"start":{"line":22,"column":12},"end":{"line":22,"column":12}},{"start":{"line":22,"column":12},"end":{"line":22,"column":12}}]},"4":{"line":26,"type":"if","locations":[{"start":{"line":26,"column":12},"end":{"line":26,"column":12}},{"start":{"line":26,"column":12},"end":{"line":26,"column":12}}]},"5":{"line":41,"type":"if","locations":[{"start":{"line":41,"column":8},"end":{"line":41,"column":8}},{"start":{"line":41,"column":8},"end":{"line":41,"column":8}}]}}},"/Users/sam/Documents/01-Programs/app_crm_re/dal/index.js":{"path":"/Users/sam/Documents/01-Programs/app_crm_re/dal/index.js","s":{"1":1},"b":{},"f":{},"fnMap":{},"statementMap":{"1":{"start":{"line":5,"column":0},"end":{"line":5,"column":47}}},"branchMap":{}},"/Users/sam/Documents/01-Programs/app_crm_re/dal/UserInfoDal.js":{"path":"/Users/sam/Documents/01-Programs/app_crm_re/dal/UserInfoDal.js","s":{"1":1,"2":1,"3":1,"4":1,"5":0,"6":1,"7":0,"8":1,"9":0,"10":1,"11":0,"12":0,"13":0,"14":0,"15":0,"16":0,"17":0,"18":0,"19":0,"20":0,"21":0,"22":0,"23":1,"24":0,"25":1,"26":0},"b":{},"f":{"1":0,"2":0,"3":0,"4":0,"5":0,"6":0},"fnMap":{"1":{"name":"(anonymous_1)","line":14,"loc":{"start":{"line":14,"column":19},"end":{"line":14,"column":41}}},"2":{"name":"(anonymous_2)","line":18,"loc":{"start":{"line":18,"column":22},"end":{"line":18,"column":47}}},"3":{"name":"(anonymous_3)","line":22,"loc":{"start":{"line":22,"column":23},"end":{"line":22,"column":49}}},"4":{"name":"(anonymous_4)","line":30,"loc":{"start":{"line":30,"column":17},"end":{"line":30,"column":105}}},"5":{"name":"(anonymous_5)","line":47,"loc":{"start":{"line":47,"column":21},"end":{"line":47,"column":43}}},"6":{"name":"(anonymous_6)","line":51,"loc":{"start":{"line":51,"column":24},"end":{"line":51,"column":49}}}},"statementMap":{"1":{"start":{"line":7,"column":0},"end":{"line":7,"column":34}},"2":{"start":{"line":8,"column":0},"end":{"line":8,"column":38}},"3":{"start":{"line":9,"column":0},"end":{"line":9,"column":36}},"4":{"start":{"line":14,"column":0},"end":{"line":16,"column":2}},"5":{"start":{"line":15,"column":4},"end":{"line":15,"column":47}},"6":{"start":{"line":18,"column":0},"end":{"line":20,"column":2}},"7":{"start":{"line":19,"column":4},"end":{"line":19,"column":52}},"8":{"start":{"line":22,"column":0},"end":{"line":24,"column":2}},"9":{"start":{"line":23,"column":4},"end":{"line":23,"column":54}},"10":{"start":{"line":30,"column":0},"end":{"line":45,"column":2}},"11":{"start":{"line":31,"column":4},"end":{"line":31,"column":35}},"12":{"start":{"line":33,"column":4},"end":{"line":33,"column":36}},"13":{"start":{"line":35,"column":4},"end":{"line":35,"column":25}},"14":{"start":{"line":36,"column":4},"end":{"line":36,"column":25}},"15":{"start":{"line":37,"column":4},"end":{"line":37,"column":27}},"16":{"start":{"line":38,"column":4},"end":{"line":38,"column":27}},"17":{"start":{"line":39,"column":4},"end":{"line":39,"column":25}},"18":{"start":{"line":40,"column":4},"end":{"line":40,"column":23}},"19":{"start":{"line":41,"column":4},"end":{"line":41,"column":25}},"20":{"start":{"line":42,"column":4},"end":{"line":42,"column":25}},"21":{"start":{"line":43,"column":4},"end":{"line":43,"column":25}},"22":{"start":{"line":44,"column":4},"end":{"line":44,"column":20}},"23":{"start":{"line":47,"column":0},"end":{"line":49,"column":2}},"24":{"start":{"line":48,"column":4},"end":{"line":48,"column":46}},"25":{"start":{"line":51,"column":0},"end":{"line":53,"column":2}},"26":{"start":{"line":52,"column":4},"end":{"line":52,"column":51}}},"branchMap":{}},"/Users/sam/Documents/01-Programs/app_crm_re/models/index.js":{"path":"/Users/sam/Documents/01-Programs/app_crm_re/models/index.js","s":{"1":1,"2":1,"3":1,"4":1,"5":1,"6":0,"7":0,"8":1,"9":1},"b":{"1":[0,1]},"f":{"1":1},"fnMap":{"1":{"name":"(anonymous_1)","line":17,"loc":{"start":{"line":17,"column":43},"end":{"line":17,"column":56}}}},"statementMap":{"1":{"start":{"line":13,"column":0},"end":{"line":13,"column":35}},"2":{"start":{"line":14,"column":0},"end":{"line":14,"column":40}},"3":{"start":{"line":15,"column":0},"end":{"line":15,"column":34}},"4":{"start":{"line":17,"column":0},"end":{"line":22,"column":3}},"5":{"start":{"line":18,"column":1},"end":{"line":21,"column":2}},"6":{"start":{"line":19,"column":2},"end":{"line":19,"column":64}},"7":{"start":{"line":20,"column":2},"end":{"line":20,"column":18}},"8":{"start":{"line":25,"column":0},"end":{"line":25,"column":22}},"9":{"start":{"line":27,"column":0},"end":{"line":27,"column":46}}},"branchMap":{"1":{"line":18,"type":"if","locations":[{"start":{"line":18,"column":1},"end":{"line":18,"column":1}},{"start":{"line":18,"column":1},"end":{"line":18,"column":1}}]}}},"/Users/sam/Documents/01-Programs/app_crm_re/models/UserInfo.js":{"path":"/Users/sam/Documents/01-Programs/app_crm_re/models/UserInfo.js","s":{"1":1,"2":1,"3":1,"4":1,"5":1},"b":{},"f":{},"fnMap":{},"statementMap":{"1":{"start":{"line":13,"column":0},"end":{"line":13,"column":35}},"2":{"start":{"line":14,"column":0},"end":{"line":14,"column":29}},"3":{"start":{"line":15,"column":0},"end":{"line":15,"column":31}},"4":{"start":{"line":17,"column":0},"end":{"line":27,"column":3}},"5":{"start":{"line":29,"column":0},"end":{"line":29,"column":43}}},"branchMap":{}},"/Users/sam/Documents/01-Programs/app_crm_re/utils/crypt.js":{"path":"/Users/sam/Documents/01-Programs/app_crm_re/utils/crypt.js","s":{"1":1,"2":1,"3":1,"4":1,"5":0,"6":0,"7":0,"8":1,"9":0,"10":0,"11":0,"12":0,"13":1,"14":0,"15":0,"16":0,"17":0,"18":1,"19":0,"20":0,"21":0,"22":0,"23":1,"24":0,"25":0,"26":0,"27":0},"b":{},"f":{"1":0,"2":0,"3":0,"4":0,"5":0},"fnMap":{"1":{"name":"(anonymous_1)","line":9,"loc":{"start":{"line":9,"column":19},"end":{"line":9,"column":29}}},"2":{"name":"(anonymous_2)","line":15,"loc":{"start":{"line":15,"column":14},"end":{"line":15,"column":27}}},"3":{"name":"(anonymous_3)","line":22,"loc":{"start":{"line":22,"column":15},"end":{"line":22,"column":28}}},"4":{"name":"(anonymous_4)","line":29,"loc":{"start":{"line":29,"column":18},"end":{"line":29,"column":40}}},"5":{"name":"(anonymous_5)","line":36,"loc":{"start":{"line":36,"column":18},"end":{"line":36,"column":40}}}},"statementMap":{"1":{"start":{"line":5,"column":0},"end":{"line":5,"column":31}},"2":{"start":{"line":6,"column":0},"end":{"line":6,"column":23}},"3":{"start":{"line":7,"column":0},"end":{"line":7,"column":27}},"4":{"start":{"line":9,"column":0},"end":{"line":13,"column":2}},"5":{"start":{"line":10,"column":2},"end":{"line":10,"column":64}},"6":{"start":{"line":11,"column":2},"end":{"line":11,"column":34}},"7":{"start":{"line":12,"column":2},"end":{"line":12,"column":13}},"8":{"start":{"line":15,"column":0},"end":{"line":20,"column":2}},"9":{"start":{"line":16,"column":2},"end":{"line":16,"column":56}},"10":{"start":{"line":17,"column":2},"end":{"line":17,"column":21}},"11":{"start":{"line":18,"column":2},"end":{"line":18,"column":29}},"12":{"start":{"line":19,"column":2},"end":{"line":19,"column":13}},"13":{"start":{"line":22,"column":0},"end":{"line":27,"column":2}},"14":{"start":{"line":23,"column":2},"end":{"line":23,"column":58}},"15":{"start":{"line":24,"column":2},"end":{"line":24,"column":22}},"16":{"start":{"line":25,"column":2},"end":{"line":25,"column":30}},"17":{"start":{"line":26,"column":2},"end":{"line":26,"column":13}},"18":{"start":{"line":29,"column":0},"end":{"line":34,"column":2}},"19":{"start":{"line":30,"column":2},"end":{"line":30,"column":57}},"20":{"start":{"line":31,"column":2},"end":{"line":31,"column":48}},"21":{"start":{"line":32,"column":2},"end":{"line":32,"column":32}},"22":{"start":{"line":33,"column":2},"end":{"line":33,"column":13}},"23":{"start":{"line":36,"column":0},"end":{"line":41,"column":2}},"24":{"start":{"line":37,"column":2},"end":{"line":37,"column":53}},"25":{"start":{"line":38,"column":2},"end":{"line":38,"column":46}},"26":{"start":{"line":39,"column":2},"end":{"line":39,"column":29}},"27":{"start":{"line":40,"column":2},"end":{"line":40,"column":13}}},"branchMap":{}}}