TN:
SF:/Users/sam/Documents/01-Programs/app_crm_re/utils/getLocate.js
FN:11,(anonymous_1)
FN:13,(anonymous_2)
FN:30,(anonymous_3)
FN:56,(anonymous_4)
FNF:4
FNH:4
FNDA:1,(anonymous_1)
FNDA:9,(anonymous_2)
FNDA:10,(anonymous_3)
FNDA:4,(anonymous_4)
DA:8,1
DA:9,1
DA:11,1
DA:12,1
DA:13,1
DA:14,9
DA:15,9
DA:17,9
DA:18,9
DA:19,1
DA:22,8
DA:23,8
DA:24,3
DA:27,5
DA:30,1
DA:31,10
DA:36,10
DA:37,3
DA:40,7
DA:42,7
DA:43,8
DA:44,8
DA:45,4
DA:47,4
DA:48,4
DA:50,7
DA:53,1
DA:57,4
DA:58,4
DA:59,2
DA:61,4
DA:62,1
DA:64,4
DA:69,1
LF:34
LH:34
BRDA:18,1,0,1
BRDA:18,1,1,8
BRDA:23,2,0,3
BRDA:23,2,1,5
BRDA:36,3,0,3
BRDA:36,3,1,7
BRDA:44,4,0,4
BRDA:44,4,1,4
BRDA:58,5,0,2
BRDA:58,5,1,2
BRDA:61,6,0,1
BRDA:61,6,1,3
BRF:12
BRH:12
end_of_record
TN:
SF:/Users/sam/Documents/01-Programs/app_crm_re/config/index.js
FNF:0
FNH:0
DA:13,1
DA:14,1
DA:15,1
DA:16,1
DA:18,1
DA:20,1
DA:22,1
DA:65,1
LF:8
LH:8
BRF:0
BRH:0
end_of_record
